<?xml version="1.0" encoding="UTF-8"?>
<!-- Generated by org.testng.reporters.JUnitReportReporter -->
<testsuite hostname="Vineetkumar" failures="0" tests="1" name="star2344.star2344.ExtentReport" time="19.034" errors="0" timestamp="2024-05-31T15:03:06 IST" skipped="0">
  <testcase classname="star2344.star2344.ExtentReport" name="login" time="19.034"/>
</testsuite> <!-- star2344.star2344.ExtentReport -->
